<?xml version="1.0" encoding="UTF-8"?>
<testsuite xmlns:xsi="http://www.w3.org/2001/XMLSchema-instance" xsi:noNamespaceSchemaLocation="https://maven.apache.org/surefire/maven-surefire-plugin/xsd/surefire-test-report.xsd" version="3.0.2" name="eci.cvds.tdd.module.sportLoan.SportLoanApplicationTests" time="5.273" tests="1" errors="0" skipped="0" failures="0">
  <properties>
[...]
</properties>
  <testcase name="contextLoads" classname="eci.cvds.tdd.module.sportLoan.SportLoanApplicationTests" time="1.226">
    <system-out><![CDATA[22:45:50.048 [main] INFO org.springframework.test.context.support.AnnotationConfigContextLoaderUtils -- Could not detect default configuration classes for test class [eci.cvds.tdd.module.sportLoan.SportLoanApplicationTests]: SportLoanApplicationTests does not declare any static, non-private, non-final, nested classes annotated with @Configuration.
22:45:50.192 [main] INFO org.springframework.boot.test.context.SpringBootTestContextBootstrapper -- Found @SpringBootConfiguration eci.cvds.tdd.module.sportLoan.SportLoanApplication for test class eci.cvds.tdd.module.sportLoan.SportLoanApplicationTests

  .   ____          _            __ _ _
 /\\ / ___'_ __ _ _(_)_ __  __ _ \ \ \ \
( ( )\___ | '_ | '_| | '_ \/ _` | \ \ \ \
 \\/  ___)| |_)| | | | | || (_| |  ) ) ) )
  '  |____| .__|_| |_|_| |_\__, | / / / /
 =========|_|==============|___/=/_/_/_/

 :: Spring Boot ::                (v3.4.5)

2025-05-11T22:45:50.761-05:00  INFO 33124 --- [sportLoan] [           main] e.c.t.m.s.SportLoanApplicationTests      : Starting SportLoanApplicationTests using Java 17.0.12 with PID 33124 (started by Difga in C:\Users\Difga\Downloads\ShootingStars)
2025-05-11T22:45:50.763-05:00  INFO 33124 --- [sportLoan] [           main] e.c.t.m.s.SportLoanApplicationTests      : No active profile set, falling back to 1 default profile: "default"
2025-05-11T22:45:51.623-05:00  INFO 33124 --- [sportLoan] [           main] .s.d.r.c.RepositoryConfigurationDelegate : Bootstrapping Spring Data MongoDB repositories in DEFAULT mode.
2025-05-11T22:45:51.722-05:00  INFO 33124 --- [sportLoan] [           main] .s.d.r.c.RepositoryConfigurationDelegate : Finished Spring Data repository scanning in 86 ms. Found 3 MongoDB repository interfaces.
2025-05-11T22:45:52.302-05:00  INFO 33124 --- [sportLoan] [           main] org.mongodb.driver.cluster               : Adding discovered server ac-72ootxc-shard-00-00.2jm1bwm.mongodb.net:27017 to client view of cluster
2025-05-11T22:45:52.371-05:00  INFO 33124 --- [sportLoan] [           main] org.mongodb.driver.cluster               : Adding discovered server ac-72ootxc-shard-00-01.2jm1bwm.mongodb.net:27017 to client view of cluster
2025-05-11T22:45:52.376-05:00  INFO 33124 --- [sportLoan] [           main] org.mongodb.driver.cluster               : Adding discovered server ac-72ootxc-shard-00-02.2jm1bwm.mongodb.net:27017 to client view of cluster
2025-05-11T22:45:52.402-05:00  INFO 33124 --- [sportLoan] [           main] org.mongodb.driver.client                : MongoClient with metadata {"application": {"name": "Cluster0"}, "driver": {"name": "mongo-java-driver|sync|spring-boot", "version": "5.2.1"}, "os": {"type": "Windows", "name": "Windows 11", "architecture": "amd64", "version": "10.0"}, "platform": "Java/Oracle Corporation/17.0.12+8-LTS-286"} created with settings MongoClientSettings{readPreference=primary, writeConcern=WriteConcern{w=majority, wTimeout=null ms, journal=null}, retryWrites=true, retryReads=true, readConcern=ReadConcern{level=null}, credential=MongoCredential{mechanism=null, userName='cristiansperilla', source='admin', password=<hidden>, mechanismProperties=<hidden>}, transportSettings=null, commandListeners=[], codecRegistry=ProvidersCodecRegistry{codecProviders=[ValueCodecProvider{}, BsonValueCodecProvider{}, DBRefCodecProvider{}, DBObjectCodecProvider{}, DocumentCodecProvider{}, CollectionCodecProvider{}, IterableCodecProvider{}, MapCodecProvider{}, GeoJsonCodecProvider{}, GridFSFileCodecProvider{}, Jsr310CodecProvider{}, JsonObjectCodecProvider{}, BsonCodecProvider{}, EnumCodecProvider{}, com.mongodb.client.model.mql.ExpressionCodecProvider@415ef4d8, com.mongodb.Jep395RecordCodecProvider@56cc9f29, com.mongodb.KotlinCodecProvider@535b1ae6]}, loggerSettings=LoggerSettings{maxDocumentLength=1000}, clusterSettings={hosts=[ac-72ootxc-shard-00-00.2jm1bwm.mongodb.net:27017, ac-72ootxc-shard-00-01.2jm1bwm.mongodb.net:27017, ac-72ootxc-shard-00-02.2jm1bwm.mongodb.net:27017], srvServiceName=mongodb, mode=MULTIPLE, requiredClusterType=REPLICA_SET, requiredReplicaSetName='atlas-hjgjbm-shard-0', serverSelector='null', clusterListeners='[]', serverSelectionTimeout='30000 ms', localThreshold='15 ms'}, socketSettings=SocketSettings{connectTimeoutMS=10000, readTimeoutMS=0, receiveBufferSize=0, proxySettings=ProxySettings{host=null, port=null, username=null, password=null}}, heartbeatSocketSettings=SocketSettings{connectTimeoutMS=10000, readTimeoutMS=10000, receiveBufferSize=0, proxySettings=ProxySettings{host=null, port=null, username=null, password=null}}, connectionPoolSettings=ConnectionPoolSettings{maxSize=100, minSize=0, maxWaitTimeMS=120000, maxConnectionLifeTimeMS=0, maxConnectionIdleTimeMS=0, maintenanceInitialDelayMS=0, maintenanceFrequencyMS=60000, connectionPoolListeners=[], maxConnecting=2}, serverSettings=ServerSettings{heartbeatFrequencyMS=10000, minHeartbeatFrequencyMS=500, serverMonitoringMode=AUTO, serverListeners='[]', serverMonitorListeners='[]'}, sslSettings=SslSettings{enabled=true, invalidHostNameAllowed=false, context=null}, applicationName='Cluster0', compressorList=[], uuidRepresentation=JAVA_LEGACY, serverApi=null, autoEncryptionSettings=null, dnsClient=null, inetAddressResolver=null, contextProvider=null, timeoutMS=null}
2025-05-11T22:45:53.115-05:00  INFO 33124 --- [sportLoan] [ngodb.net:27017] org.mongodb.driver.cluster               : Monitor thread successfully connected to server with description ServerDescription{address=ac-72ootxc-shard-00-01.2jm1bwm.mongodb.net:27017, type=REPLICA_SET_SECONDARY, cryptd=false, state=CONNECTED, ok=true, minWireVersion=0, maxWireVersion=25, maxDocumentSize=16777216, logicalSessionTimeoutMinutes=30, roundTripTimeNanos=393004300, minRoundTripTimeNanos=0, setName='atlas-hjgjbm-shard-0', canonicalAddress=ac-72ootxc-shard-00-01.2jm1bwm.mongodb.net:27017, hosts=[ac-72ootxc-shard-00-01.2jm1bwm.mongodb.net:27017, ac-72ootxc-shard-00-00.2jm1bwm.mongodb.net:27017, ac-72ootxc-shard-00-02.2jm1bwm.mongodb.net:27017], passives=[], arbiters=[], primary='ac-72ootxc-shard-00-02.2jm1bwm.mongodb.net:27017', tagSet=TagSet{[Tag{name='diskState', value='READY'}, Tag{name='nodeType', value='ELECTABLE'}, Tag{name='provider', value='AZURE'}, Tag{name='region', value='US_EAST_2'}, Tag{name='workloadType', value='OPERATIONAL'}]}, electionId=null, setVersion=44, topologyVersion=TopologyVersion{processId=681d00e52e39d92d679e9546, counter=3}, lastWriteDate=Sun May 11 22:45:53 COT 2025, lastUpdateTimeNanos=46570684495800}
2025-05-11T22:45:53.115-05:00  INFO 33124 --- [sportLoan] [ngodb.net:27017] org.mongodb.driver.cluster               : Monitor thread successfully connected to server with description ServerDescription{address=ac-72ootxc-shard-00-02.2jm1bwm.mongodb.net:27017, type=REPLICA_SET_PRIMARY, cryptd=false, state=CONNECTED, ok=true, minWireVersion=0, maxWireVersion=25, maxDocumentSize=16777216, logicalSessionTimeoutMinutes=30, roundTripTimeNanos=393020900, minRoundTripTimeNanos=0, setName='atlas-hjgjbm-shard-0', canonicalAddress=ac-72ootxc-shard-00-02.2jm1bwm.mongodb.net:27017, hosts=[ac-72ootxc-shard-00-01.2jm1bwm.mongodb.net:27017, ac-72ootxc-shard-00-00.2jm1bwm.mongodb.net:27017, ac-72ootxc-shard-00-02.2jm1bwm.mongodb.net:27017], passives=[], arbiters=[], primary='ac-72ootxc-shard-00-02.2jm1bwm.mongodb.net:27017', tagSet=TagSet{[Tag{name='diskState', value='READY'}, Tag{name='nodeType', value='ELECTABLE'}, Tag{name='provider', value='AZURE'}, Tag{name='region', value='US_EAST_2'}, Tag{name='workloadType', value='OPERATIONAL'}]}, electionId=7fffffff000000000000028c, setVersion=44, topologyVersion=TopologyVersion{processId=681d00b8b014be93b8d1a408, counter=6}, lastWriteDate=Sun May 11 22:45:53 COT 2025, lastUpdateTimeNanos=46570684495800}
2025-05-11T22:45:53.116-05:00  INFO 33124 --- [sportLoan] [ngodb.net:27017] org.mongodb.driver.cluster               : Monitor thread successfully connected to server with description ServerDescription{address=ac-72ootxc-shard-00-00.2jm1bwm.mongodb.net:27017, type=REPLICA_SET_SECONDARY, cryptd=false, state=CONNECTED, ok=true, minWireVersion=0, maxWireVersion=25, maxDocumentSize=16777216, logicalSessionTimeoutMinutes=30, roundTripTimeNanos=393019500, minRoundTripTimeNanos=0, setName='atlas-hjgjbm-shard-0', canonicalAddress=ac-72ootxc-shard-00-00.2jm1bwm.mongodb.net:27017, hosts=[ac-72ootxc-shard-00-01.2jm1bwm.mongodb.net:27017, ac-72ootxc-shard-00-00.2jm1bwm.mongodb.net:27017, ac-72ootxc-shard-00-02.2jm1bwm.mongodb.net:27017], passives=[], arbiters=[], primary='ac-72ootxc-shard-00-02.2jm1bwm.mongodb.net:27017', tagSet=TagSet{[Tag{name='diskState', value='READY'}, Tag{name='nodeType', value='ELECTABLE'}, Tag{name='provider', value='AZURE'}, Tag{name='region', value='US_EAST_2'}, Tag{name='workloadType', value='OPERATIONAL'}]}, electionId=null, setVersion=44, topologyVersion=TopologyVersion{processId=681d008b6932a69c25b554b8, counter=4}, lastWriteDate=Sun May 11 22:45:53 COT 2025, lastUpdateTimeNanos=46570684495800}
2025-05-11T22:45:53.123-05:00  INFO 33124 --- [sportLoan] [ngodb.net:27017] org.mongodb.driver.cluster               : Discovered replica set primary ac-72ootxc-shard-00-02.2jm1bwm.mongodb.net:27017 with max election id 7fffffff000000000000028c and max set version 44
2025-05-11T22:45:53.887-05:00  INFO 33124 --- [sportLoan] [           main] e.c.t.m.s.SportLoanApplicationTests      : Started SportLoanApplicationTests in 3.469 seconds (process running for 4.7)
2025-05-11T22:45:53.936-05:00 DEBUG 33124 --- [sportLoan] [   scheduling-1] o.s.data.mongodb.core.MongoTemplate      : find using query: {} fields: Document{{}} sort: null for class: class eci.cvds.tdd.module.sportLoan.model.Loan in collection: Loan
]]></system-out>
  </testcase>
</testsuite>