<?xml version="1.0" encoding="UTF-8"?>
<testsuite xmlns:xsi="http://www.w3.org/2001/XMLSchema-instance" xsi:noNamespaceSchemaLocation="https://maven.apache.org/surefire/maven-surefire-plugin/xsd/surefire-test-report.xsd" version="3.0.2" name="eci.cvds.tdd.module.sportLoan.SportLoanApplicationTests" time="3.136" tests="2" errors="0" skipped="0" failures="0">
  <properties>
[...]
</properties>
  <testcase name="mainMethodRunsWithoutExceptions" classname="eci.cvds.tdd.module.sportLoan.SportLoanApplicationTests" time="0.939">
    <system-out><![CDATA[2025-05-14T19:08:13.133-05:00  INFO 9800 --- [sportLoan] [           main] t.c.s.AnnotationConfigContextLoaderUtils : Could not detect default configuration classes for test class [eci.cvds.tdd.module.sportLoan.SportLoanApplicationTests]: SportLoanApplicationTests does not declare any static, non-private, non-final, nested classes annotated with @Configuration.
2025-05-14T19:08:13.146-05:00  INFO 9800 --- [sportLoan] [           main] .b.t.c.SpringBootTestContextBootstrapper : Found @SpringBootConfiguration eci.cvds.tdd.module.sportLoan.SportLoanApplication for test class eci.cvds.tdd.module.sportLoan.SportLoanApplicationTests

  .   ____          _            __ _ _
 /\\ / ___'_ __ _ _(_)_ __  __ _ \ \ \ \
( ( )\___ | '_ | '_| | '_ \/ _` | \ \ \ \
 \\/  ___)| |_)| | | | | || (_| |  ) ) ) )
  '  |____| .__|_| |_|_| |_\__, | / / / /
 =========|_|==============|___/=/_/_/_/

 :: Spring Boot ::                (v3.4.5)

2025-05-14T19:08:13.187-05:00  INFO 9800 --- [sportLoan] [           main] e.c.t.m.s.SportLoanApplicationTests      : Starting SportLoanApplicationTests using Java 23.0.1 with PID 9800 (started by USUARIO in C:\Users\USUARIO\Documents\ShootingStars)
2025-05-14T19:08:13.187-05:00  INFO 9800 --- [sportLoan] [           main] e.c.t.m.s.SportLoanApplicationTests      : No active profile set, falling back to 1 default profile: "default"
2025-05-14T19:08:13.535-05:00  INFO 9800 --- [sportLoan] [           main] .s.d.r.c.RepositoryConfigurationDelegate : Bootstrapping Spring Data MongoDB repositories in DEFAULT mode.
2025-05-14T19:08:13.627-05:00  INFO 9800 --- [sportLoan] [           main] .s.d.r.c.RepositoryConfigurationDelegate : Finished Spring Data repository scanning in 78 ms. Found 3 MongoDB repository interfaces.
2025-05-14T19:08:14.047-05:00  INFO 9800 --- [sportLoan] [           main] org.mongodb.driver.cluster               : Adding discovered server ac-72ootxc-shard-00-00.2jm1bwm.mongodb.net:27017 to client view of cluster
2025-05-14T19:08:14.148-05:00  INFO 9800 --- [sportLoan] [           main] org.mongodb.driver.cluster               : Adding discovered server ac-72ootxc-shard-00-01.2jm1bwm.mongodb.net:27017 to client view of cluster
2025-05-14T19:08:14.153-05:00  INFO 9800 --- [sportLoan] [           main] org.mongodb.driver.cluster               : Adding discovered server ac-72ootxc-shard-00-02.2jm1bwm.mongodb.net:27017 to client view of cluster
2025-05-14T19:08:14.214-05:00  INFO 9800 --- [sportLoan] [           main] org.mongodb.driver.client                : MongoClient with metadata {"application": {"name": "Cluster0"}, "driver": {"name": "mongo-java-driver|sync|spring-boot", "version": "5.2.1"}, "os": {"type": "Windows", "name": "Windows 11", "architecture": "amd64", "version": "10.0"}, "platform": "Java/Oracle Corporation/23.0.1+11-39"} created with settings MongoClientSettings{readPreference=primary, writeConcern=WriteConcern{w=majority, wTimeout=null ms, journal=null}, retryWrites=true, retryReads=true, readConcern=ReadConcern{level=null}, credential=MongoCredential{mechanism=null, userName='cristiansperilla', source='admin', password=<hidden>, mechanismProperties=<hidden>}, transportSettings=null, commandListeners=[], codecRegistry=ProvidersCodecRegistry{codecProviders=[ValueCodecProvider{}, BsonValueCodecProvider{}, DBRefCodecProvider{}, DBObjectCodecProvider{}, DocumentCodecProvider{}, CollectionCodecProvider{}, IterableCodecProvider{}, MapCodecProvider{}, GeoJsonCodecProvider{}, GridFSFileCodecProvider{}, Jsr310CodecProvider{}, JsonObjectCodecProvider{}, BsonCodecProvider{}, EnumCodecProvider{}, com.mongodb.client.model.mql.ExpressionCodecProvider@527ff176, com.mongodb.Jep395RecordCodecProvider@533d1f8c, com.mongodb.KotlinCodecProvider@b76d8a8]}, loggerSettings=LoggerSettings{maxDocumentLength=1000}, clusterSettings={hosts=[ac-72ootxc-shard-00-00.2jm1bwm.mongodb.net:27017, ac-72ootxc-shard-00-01.2jm1bwm.mongodb.net:27017, ac-72ootxc-shard-00-02.2jm1bwm.mongodb.net:27017], srvServiceName=mongodb, mode=MULTIPLE, requiredClusterType=REPLICA_SET, requiredReplicaSetName='atlas-hjgjbm-shard-0', serverSelector='null', clusterListeners='[]', serverSelectionTimeout='30000 ms', localThreshold='15 ms'}, socketSettings=SocketSettings{connectTimeoutMS=10000, readTimeoutMS=0, receiveBufferSize=0, proxySettings=ProxySettings{host=null, port=null, username=null, password=null}}, heartbeatSocketSettings=SocketSettings{connectTimeoutMS=10000, readTimeoutMS=10000, receiveBufferSize=0, proxySettings=ProxySettings{host=null, port=null, username=null, password=null}}, connectionPoolSettings=ConnectionPoolSettings{maxSize=100, minSize=0, maxWaitTimeMS=120000, maxConnectionLifeTimeMS=0, maxConnectionIdleTimeMS=0, maintenanceInitialDelayMS=0, maintenanceFrequencyMS=60000, connectionPoolListeners=[], maxConnecting=2}, serverSettings=ServerSettings{heartbeatFrequencyMS=10000, minHeartbeatFrequencyMS=500, serverMonitoringMode=AUTO, serverListeners='[]', serverMonitorListeners='[]'}, sslSettings=SslSettings{enabled=true, invalidHostNameAllowed=false, context=null}, applicationName='Cluster0', compressorList=[], uuidRepresentation=JAVA_LEGACY, serverApi=null, autoEncryptionSettings=null, dnsClient=null, inetAddressResolver=null, contextProvider=null, timeoutMS=null}
2025-05-14T19:08:15.319-05:00  INFO 9800 --- [sportLoan] [           main] e.c.t.m.s.SportLoanApplicationTests      : Started SportLoanApplicationTests in 2.164 seconds (process running for 8.35)

  .   ____          _            __ _ _
 /\\ / ___'_ __ _ _(_)_ __  __ _ \ \ \ \
( ( )\___ | '_ | '_| | '_ \/ _` | \ \ \ \
 \\/  ___)| |_)| | | | | || (_| |  ) ) ) )
  '  |____| .__|_| |_|_| |_\__, | / / / /
 =========|_|==============|___/=/_/_/_/

 :: Spring Boot ::                (v3.4.5)

2025-05-14T19:08:15.353-05:00  INFO 9800 --- [sportLoan] [           main] e.c.t.m.sportLoan.SportLoanApplication   : Starting SportLoanApplication using Java 23.0.1 with PID 9800 (started by USUARIO in C:\Users\USUARIO\Documents\ShootingStars)
2025-05-14T19:08:15.354-05:00  INFO 9800 --- [sportLoan] [           main] e.c.t.m.sportLoan.SportLoanApplication   : No active profile set, falling back to 1 default profile: "default"
2025-05-14T19:08:15.381-05:00 DEBUG 9800 --- [sportLoan] [   scheduling-1] o.s.data.mongodb.core.MongoTemplate      : find using query: {} fields: Document{{}} sort: null for class: class eci.cvds.tdd.module.sportLoan.model.Loan in collection: Loan
2025-05-14T19:08:15.488-05:00  INFO 9800 --- [sportLoan] [ngodb.net:27017] org.mongodb.driver.cluster               : Monitor thread successfully connected to server with description ServerDescription{address=ac-72ootxc-shard-00-02.2jm1bwm.mongodb.net:27017, type=REPLICA_SET_PRIMARY, cryptd=false, state=CONNECTED, ok=true, minWireVersion=0, maxWireVersion=25, maxDocumentSize=16777216, logicalSessionTimeoutMinutes=30, roundTripTimeNanos=535985900, minRoundTripTimeNanos=0, setName='atlas-hjgjbm-shard-0', canonicalAddress=ac-72ootxc-shard-00-02.2jm1bwm.mongodb.net:27017, hosts=[ac-72ootxc-shard-00-01.2jm1bwm.mongodb.net:27017, ac-72ootxc-shard-00-00.2jm1bwm.mongodb.net:27017, ac-72ootxc-shard-00-02.2jm1bwm.mongodb.net:27017], passives=[], arbiters=[], primary='ac-72ootxc-shard-00-02.2jm1bwm.mongodb.net:27017', tagSet=TagSet{[Tag{name='diskState', value='READY'}, Tag{name='nodeType', value='ELECTABLE'}, Tag{name='provider', value='AZURE'}, Tag{name='region', value='US_EAST_2'}, Tag{name='workloadType', value='OPERATIONAL'}]}, electionId=7fffffff000000000000028e, setVersion=47, topologyVersion=TopologyVersion{processId=682248b1dea9d54c7ba865bb, counter=6}, lastWriteDate=Wed May 14 19:08:14 GMT-05:00 2025, lastUpdateTimeNanos=12949287706800}
2025-05-14T19:08:15.488-05:00  INFO 9800 --- [sportLoan] [ngodb.net:27017] org.mongodb.driver.cluster               : Monitor thread successfully connected to server with description ServerDescription{address=ac-72ootxc-shard-00-00.2jm1bwm.mongodb.net:27017, type=REPLICA_SET_SECONDARY, cryptd=false, state=CONNECTED, ok=true, minWireVersion=0, maxWireVersion=25, maxDocumentSize=16777216, logicalSessionTimeoutMinutes=30, roundTripTimeNanos=535985900, minRoundTripTimeNanos=0, setName='atlas-hjgjbm-shard-0', canonicalAddress=ac-72ootxc-shard-00-00.2jm1bwm.mongodb.net:27017, hosts=[ac-72ootxc-shard-00-01.2jm1bwm.mongodb.net:27017, ac-72ootxc-shard-00-00.2jm1bwm.mongodb.net:27017, ac-72ootxc-shard-00-02.2jm1bwm.mongodb.net:27017], passives=[], arbiters=[], primary='ac-72ootxc-shard-00-02.2jm1bwm.mongodb.net:27017', tagSet=TagSet{[Tag{name='diskState', value='READY'}, Tag{name='nodeType', value='ELECTABLE'}, Tag{name='provider', value='AZURE'}, Tag{name='region', value='US_EAST_2'}, Tag{name='workloadType', value='OPERATIONAL'}]}, electionId=null, setVersion=47, topologyVersion=TopologyVersion{processId=68224a0056169496a5f5f7b6, counter=4}, lastWriteDate=Wed May 14 19:08:14 GMT-05:00 2025, lastUpdateTimeNanos=12949287706800}
2025-05-14T19:08:15.488-05:00  INFO 9800 --- [sportLoan] [ngodb.net:27017] org.mongodb.driver.cluster               : Monitor thread successfully connected to server with description ServerDescription{address=ac-72ootxc-shard-00-01.2jm1bwm.mongodb.net:27017, type=REPLICA_SET_SECONDARY, cryptd=false, state=CONNECTED, ok=true, minWireVersion=0, maxWireVersion=25, maxDocumentSize=16777216, logicalSessionTimeoutMinutes=30, roundTripTimeNanos=535986300, minRoundTripTimeNanos=0, setName='atlas-hjgjbm-shard-0', canonicalAddress=ac-72ootxc-shard-00-01.2jm1bwm.mongodb.net:27017, hosts=[ac-72ootxc-shard-00-01.2jm1bwm.mongodb.net:27017, ac-72ootxc-shard-00-00.2jm1bwm.mongodb.net:27017, ac-72ootxc-shard-00-02.2jm1bwm.mongodb.net:27017], passives=[], arbiters=[], primary='ac-72ootxc-shard-00-02.2jm1bwm.mongodb.net:27017', tagSet=TagSet{[Tag{name='diskState', value='READY'}, Tag{name='nodeType', value='ELECTABLE'}, Tag{name='provider', value='AZURE'}, Tag{name='region', value='US_EAST_2'}, Tag{name='workloadType', value='OPERATIONAL'}]}, electionId=null, setVersion=47, topologyVersion=TopologyVersion{processId=68224bbb0868348a2bede92a, counter=3}, lastWriteDate=Wed May 14 19:08:14 GMT-05:00 2025, lastUpdateTimeNanos=12949287706900}
2025-05-14T19:08:15.488-05:00  INFO 9800 --- [sportLoan] [   scheduling-1] org.mongodb.driver.cluster               : Waiting for server to become available for operation with ID 5. Remaining time: 29975 ms. Selector: ReadPreferenceServerSelector{readPreference=primary}, topology description: {type=REPLICA_SET, servers=[{address=ac-72ootxc-shard-00-00.2jm1bwm.mongodb.net:27017, type=UNKNOWN, state=CONNECTING}, {address=ac-72ootxc-shard-00-02.2jm1bwm.mongodb.net:27017, type=UNKNOWN, state=CONNECTING}, {address=ac-72ootxc-shard-00-01.2jm1bwm.mongodb.net:27017, type=UNKNOWN, state=CONNECTING}].
2025-05-14T19:08:15.497-05:00  INFO 9800 --- [sportLoan] [ngodb.net:27017] org.mongodb.driver.cluster               : Discovered replica set primary ac-72ootxc-shard-00-02.2jm1bwm.mongodb.net:27017 with max election id 7fffffff000000000000028e and max set version 47
2025-05-14T19:08:15.497-05:00  INFO 9800 --- [sportLoan] [           main] .s.d.r.c.RepositoryConfigurationDelegate : Bootstrapping Spring Data MongoDB repositories in DEFAULT mode.
2025-05-14T19:08:15.514-05:00  INFO 9800 --- [sportLoan] [           main] .s.d.r.c.RepositoryConfigurationDelegate : Finished Spring Data repository scanning in 15 ms. Found 3 MongoDB repository interfaces.
2025-05-14T19:08:15.849-05:00  INFO 9800 --- [sportLoan] [           main] o.s.b.w.embedded.tomcat.TomcatWebServer  : Tomcat initialized with port 8080 (http)
2025-05-14T19:08:15.890-05:00  INFO 9800 --- [sportLoan] [           main] o.apache.catalina.core.StandardService   : Starting service [Tomcat]
2025-05-14T19:08:15.891-05:00  INFO 9800 --- [sportLoan] [           main] o.apache.catalina.core.StandardEngine    : Starting Servlet engine: [Apache Tomcat/10.1.40]
2025-05-14T19:08:15.993-05:00  INFO 9800 --- [sportLoan] [           main] o.a.c.c.C.[Tomcat].[localhost].[/]       : Initializing Spring embedded WebApplicationContext
2025-05-14T19:08:15.994-05:00  INFO 9800 --- [sportLoan] [           main] w.s.c.ServletWebServerApplicationContext : Root WebApplicationContext: initialization completed in 638 ms
2025-05-14T19:08:16.090-05:00  INFO 9800 --- [sportLoan] [           main] org.mongodb.driver.cluster               : Adding discovered server ac-72ootxc-shard-00-00.2jm1bwm.mongodb.net:27017 to client view of cluster
2025-05-14T19:08:16.093-05:00  INFO 9800 --- [sportLoan] [           main] org.mongodb.driver.cluster               : Adding discovered server ac-72ootxc-shard-00-01.2jm1bwm.mongodb.net:27017 to client view of cluster
2025-05-14T19:08:16.095-05:00  INFO 9800 --- [sportLoan] [           main] org.mongodb.driver.cluster               : Adding discovered server ac-72ootxc-shard-00-02.2jm1bwm.mongodb.net:27017 to client view of cluster
2025-05-14T19:08:16.099-05:00  INFO 9800 --- [sportLoan] [           main] org.mongodb.driver.client                : MongoClient with metadata {"application": {"name": "Cluster0"}, "driver": {"name": "mongo-java-driver|sync|spring-boot", "version": "5.2.1"}, "os": {"type": "Windows", "name": "Windows 11", "architecture": "amd64", "version": "10.0"}, "platform": "Java/Oracle Corporation/23.0.1+11-39"} created with settings MongoClientSettings{readPreference=primary, writeConcern=WriteConcern{w=majority, wTimeout=null ms, journal=null}, retryWrites=true, retryReads=true, readConcern=ReadConcern{level=null}, credential=MongoCredential{mechanism=null, userName='cristiansperilla', source='admin', password=<hidden>, mechanismProperties=<hidden>}, transportSettings=null, commandListeners=[], codecRegistry=ProvidersCodecRegistry{codecProviders=[ValueCodecProvider{}, BsonValueCodecProvider{}, DBRefCodecProvider{}, DBObjectCodecProvider{}, DocumentCodecProvider{}, CollectionCodecProvider{}, IterableCodecProvider{}, MapCodecProvider{}, GeoJsonCodecProvider{}, GridFSFileCodecProvider{}, Jsr310CodecProvider{}, JsonObjectCodecProvider{}, BsonCodecProvider{}, EnumCodecProvider{}, com.mongodb.client.model.mql.ExpressionCodecProvider@527ff176, com.mongodb.Jep395RecordCodecProvider@533d1f8c, com.mongodb.KotlinCodecProvider@b76d8a8]}, loggerSettings=LoggerSettings{maxDocumentLength=1000}, clusterSettings={hosts=[ac-72ootxc-shard-00-00.2jm1bwm.mongodb.net:27017, ac-72ootxc-shard-00-01.2jm1bwm.mongodb.net:27017, ac-72ootxc-shard-00-02.2jm1bwm.mongodb.net:27017], srvServiceName=mongodb, mode=MULTIPLE, requiredClusterType=REPLICA_SET, requiredReplicaSetName='atlas-hjgjbm-shard-0', serverSelector='null', clusterListeners='[]', serverSelectionTimeout='30000 ms', localThreshold='15 ms'}, socketSettings=SocketSettings{connectTimeoutMS=10000, readTimeoutMS=0, receiveBufferSize=0, proxySettings=ProxySettings{host=null, port=null, username=null, password=null}}, heartbeatSocketSettings=SocketSettings{connectTimeoutMS=10000, readTimeoutMS=10000, receiveBufferSize=0, proxySettings=ProxySettings{host=null, port=null, username=null, password=null}}, connectionPoolSettings=ConnectionPoolSettings{maxSize=100, minSize=0, maxWaitTimeMS=120000, maxConnectionLifeTimeMS=0, maxConnectionIdleTimeMS=0, maintenanceInitialDelayMS=0, maintenanceFrequencyMS=60000, connectionPoolListeners=[], maxConnecting=2}, serverSettings=ServerSettings{heartbeatFrequencyMS=10000, minHeartbeatFrequencyMS=500, serverMonitoringMode=AUTO, serverListeners='[]', serverMonitorListeners='[]'}, sslSettings=SslSettings{enabled=true, invalidHostNameAllowed=false, context=null}, applicationName='Cluster0', compressorList=[], uuidRepresentation=JAVA_LEGACY, serverApi=null, autoEncryptionSettings=null, dnsClient=null, inetAddressResolver=null, contextProvider=null, timeoutMS=null}
2025-05-14T19:08:16.256-05:00  INFO 9800 --- [sportLoan] [           main] o.s.b.w.embedded.tomcat.TomcatWebServer  : Tomcat started on port 8080 (http) with context path '/'
2025-05-14T19:08:16.260-05:00  INFO 9800 --- [sportLoan] [           main] e.c.t.m.sportLoan.SportLoanApplication   : Started SportLoanApplication in 0.934 seconds (process running for 9.289)
2025-05-14T19:08:16.260-05:00 DEBUG 9800 --- [sportLoan] [   scheduling-1] o.s.data.mongodb.core.MongoTemplate      : find using query: {} fields: Document{{}} sort: null for class: class eci.cvds.tdd.module.sportLoan.model.Loan in collection: Loan
2025-05-14T19:08:16.261-05:00  INFO 9800 --- [sportLoan] [   scheduling-1] org.mongodb.driver.cluster               : Waiting for server to become available for operation with ID 16. Remaining time: 29999 ms. Selector: ReadPreferenceServerSelector{readPreference=primary}, topology description: {type=REPLICA_SET, servers=[{address=ac-72ootxc-shard-00-00.2jm1bwm.mongodb.net:27017, type=UNKNOWN, state=CONNECTING}, {address=ac-72ootxc-shard-00-02.2jm1bwm.mongodb.net:27017, type=UNKNOWN, state=CONNECTING}, {address=ac-72ootxc-shard-00-01.2jm1bwm.mongodb.net:27017, type=UNKNOWN, state=CONNECTING}].
]]></system-out>
  </testcase>
  <testcase name="contextLoads" classname="eci.cvds.tdd.module.sportLoan.SportLoanApplicationTests" time="0.003"/>
</testsuite>